14.5200
27.6300
12.6300
24.3600
next cycle
13.5900
27.6300
12.6300
24.3600
next cycle
13.1100
28.1100
13.5900
25.2900
next cycle
14.0400
28.1100
12.1800
24.8400
next cycle
14.5200
-29.5200
12.6300
2.7900
next cycle
-29.5200
2.7900
-29.5200
25.2900
next cycle
2.7900
29.0400
12.6300
25.2900
next cycle
14.5200
28.5900
11.7000
25.7700
next cycle
14.0400
28.5900
12.6300
24.8400
next cycle
14.0400
28.5900
12.1800
25.2900
next cycle
14.0400
27.6300
12.1800
23.8800
next cycle
14.5200
27.1800
13.1100
23.4300
next cycle
13.5900
28.1100
12.1800
24.3600
next cycle
13.5900
27.6300
12.1800
24.3600
next cycle
14.5200
28.1100
12.6300
24.3600
next cycle
13.5900
27.6300
13.1100
23.8800
next cycle
13.5900
27.1800
11.7000
23.4300
next cycle
13.5900
27.1800
13.1100
23.8800
next cycle
14.0400
27.1800
12.6300
23.8800
next cycle
14.0400
27.6300
12.6300
24.3600
next cycle
14.0400
27.6300
12.6300
23.8800
next cycle
14.0400
27.1800
12.6300
23.4300
next cycle
13.5900
26.7000
13.1100
23.8800
next cycle
13.5900
25.7700
12.6300
22.9500
next cycle
13.5900
26.7000
12.1800
23.4300
next cycle
14.0400
26.7000
12.6300
22.9500
next cycle
13.5900
25.7700
12.6300
22.5000
next cycle
13.5900
24.8400
12.6300
22.5000
next cycle
13.1100
24.8400
12.6300
22.5000
next cycle
14.0400
24.8400
12.1800
21.5400
next cycle
14.0400
24.8400
12.1800
21.5400
next cycle
14.5200
24.3600
11.7000
20.6100
next cycle
14.0400
22.9500
11.7000
20.1300
next cycle
14.0400
22.5000
11.2500
19.6800
next cycle
13.5900
21.5400
11.2500
18.7500
next cycle
13.1100
21.0900
11.2500
18.7500
next cycle
13.1100
20.1300
11.2500
16.8600
next cycle
13.1100
18.7500
11.2500
16.3800
next cycle
13.1100
17.7900
10.7700
15.0000
next cycle
12.6300
16.8600
10.2900
14.0400
next cycle
12.1800
16.3800
10.2900
13.5900
next cycle
11.7000
15.0000
10.2900
12.1800
next cycle
11.2500
13.5900
10.7700
12.1800
next cycle
11.2500
13.1100
10.2900
10.2900
next cycle
11.2500
11.7000
9.3600
11.2500
next cycle
10.7700
11.7000
8.8800
10.7700
next cycle
10.2900
11.2500
8.4300
9.8400
next cycle
10.2900
10.7700
8.4300
10.2900
next cycle
10.2900
10.7700
7.5000
9.8400
next cycle
9.3600
11.2500
8.4300
9.8400
next cycle
8.4300
10.7700
7.5000
9.8400
next cycle
8.4300
10.2900
7.5000
9.8400
next cycle
7.9500
10.7700
6.5400
9.8400
next cycle
7.5000
10.7700
6.0900
9.8400
next cycle
7.5000
11.2500
5.6100
9.8400
next cycle
7.0200
10.7700
5.1300
9.3600
next cycle
7.0200
10.7700
5.6100
8.8800
next cycle
6.5400
10.7700
5.1300
9.3600
next cycle
7.9500
10.7700
5.6100
9.3600
next cycle
6.0900
10.7700
5.1300
8.8800
next cycle
7.0200
10.7700
5.1300
8.8800
next cycle
6.5400
10.7700
5.1300
8.8800
next cycle
7.0200
11.2500
5.1300
8.4300
next cycle
7.0200
11.2500
5.6100
9.3600
next cycle
6.5400
11.2500
5.6100
9.3600
next cycle
7.0200
11.2500
5.1300
8.4300
next cycle
7.0200
10.7700
5.6100
8.8800
next cycle
7.0200
11.2500
5.6100
8.4300
next cycle
7.0200
11.2500
5.1300
8.8800
next cycle
6.0900
10.7700
5.6100
8.8800
next cycle
6.5400
11.2500
5.1300
9.3600
next cycle
7.0200
11.2500
4.2000
8.4300
next cycle
7.0200
11.2500
5.6100
8.4300
next cycle
7.0200
11.2500
5.1300
8.4300
next cycle
6.5400
10.7700
5.1300
8.4300
next cycle
7.0200
10.7700
5.1300
8.4300
next cycle
7.0200
12.1800
5.1300
8.8800
next cycle
7.0200
12.6300
4.6800
8.8800
next cycle
6.5400
11.2500
4.6800
8.8800
next cycle
7.0200
10.7700
5.1300
9.3600
next cycle
7.0200
10.7700
4.2000
8.8800
next cycle
7.0200
10.7700
5.1300
8.4300
next cycle
6.5400
11.2500
5.1300
8.8800
next cycle
6.5400
10.2900
4.6800
9.3600
next cycle
6.5400
11.2500
5.1300
8.8800
next cycle
7.0200
11.2500
5.1300
9.8400
next cycle
7.0200
11.2500
5.1300
8.4300
next cycle
6.5400
11.2500
5.1300
9.3600
next cycle
7.0200
11.2500
5.1300
9.8400
next cycle
7.0200
11.2500
5.1300
9.8400
next cycle
7.0200
11.7000
6.0900
9.3600
next cycle
6.5400
11.2500
5.6100
9.3600
next cycle
7.0200
11.2500
5.1300
9.3600
next cycle
7.0200
10.7700
5.1300
9.3600
next cycle
7.0200
11.2500
5.1300
9.3600
next cycle
6.5400
11.2500
5.6100
9.3600
next cycle
7.0200
11.2500
5.1300
9.3600
next cycle
7.0200
10.7700
5.1300
9.3600
next cycle
7.0200
10.7700
4.6800
8.8800
next cycle
7.0200
11.2500
6.0900
9.3600
next cycle
6.5400
10.7700
5.6100
8.8800
next cycle
7.0200
10.7700
5.6100
9.3600
next cycle
7.0200
11.2500
5.1300
8.8800
next cycle
6.5400
10.7700
5.1300
9.3600
next cycle
6.5400
11.2500
5.1300
8.8800
next cycle
6.0900
9.8400
6.0900
8.4300
next cycle
6.5400
10.7700
5.1300
8.8800
next cycle
7.0200
10.7700
6.0900
8.8800
next cycle
7.0200
10.7700
5.6100
8.4300
next cycle
7.0200
11.2500
4.6800
8.4300
next cycle
7.0200
11.2500
5.1300
9.3600
next cycle
7.5000
10.7700
5.1300
8.8800
next cycle
7.0200
11.2500
5.6100
9.3600
next cycle
7.0200
11.2500
5.1300
9.8400
next cycle
6.5400
10.7700
5.6100
8.8800
next cycle
6.5400
10.7700
5.1300
9.8400
next cycle
6.0900
11.2500
5.6100
8.4300
next cycle
7.0200
11.2500
5.6100
8.8800
next cycle
7.0200
10.7700
5.1300
9.8400
next cycle
7.0200
11.7000
5.1300
8.8800
next cycle
7.0200
10.7700
5.1300
9.3600
next cycle
7.5000
10.7700
5.1300
9.3600
next cycle
7.0200
11.2500
5.1300
9.3600
next cycle
7.0200
11.2500
5.6100
9.8400
next cycle
7.0200
11.2500
5.1300
9.3600
next cycle
7.0200
11.2500
6.0900
9.8400
next cycle
7.0200
10.7700
5.1300
9.3600
next cycle
7.0200
10.7700
5.1300
10.7700
next cycle
7.0200
11.2500
5.1300
9.3600
next cycle
6.5400
10.7700
5.1300
9.3600
next cycle
6.5400
11.2500
5.6100
9.3600
next cycle
7.0200
11.2500
6.5400
9.3600
next cycle
7.0200
11.2500
5.6100
9.3600
next cycle
7.0200
11.2500
5.6100
8.4300
next cycle
7.0200
10.7700
5.6100
9.3600
next cycle
7.0200
11.2500
6.0900
9.3600
next cycle
7.0200
10.7700
5.6100
9.8400
next cycle
7.0200
10.2900
5.6100
9.8400
next cycle
7.0200
10.7700
5.6100
9.8400
next cycle
7.0200
10.7700
6.0900
9.8400
next cycle
7.0200
11.2500
6.5400
9.8400
next cycle
7.0200
11.2500
5.6100
9.8400
next cycle
6.5400
11.2500
5.6100
9.3600
next cycle
7.0200
11.2500
6.0900
9.3600
next cycle
7.0200
11.7000
5.6100
8.4300
next cycle
7.0200
10.7700
5.6100
9.3600
next cycle
7.0200
11.2500
6.0900
8.8800
next cycle
6.5400
11.2500
5.1300
8.4300
next cycle
7.0200
10.2900
5.6100
8.4300
next cycle
7.0200
11.2500
6.0900
9.3600
next cycle
7.0200
10.7700
5.1300
8.4300
next cycle
7.0200
11.2500
5.6100
8.8800
next cycle
7.0200
11.2500
5.1300
8.8800
next cycle
7.0200
11.2500
5.6100
9.3600
next cycle
6.5400
11.2500
5.1300
7.9500
next cycle
6.5400
11.2500
6.0900
10.2900
next cycle
7.0200
11.2500
5.6100
9.8400
next cycle
7.0200
11.2500
5.1300
8.4300
next cycle
6.5400
10.7700
5.1300
9.8400
next cycle
8.4300
10.7700
5.1300
9.3600
next cycle
7.0200
11.2500
5.1300
9.3600
next cycle
7.0200
11.2500
4.6800
9.3600
next cycle
6.5400
10.7700
5.1300
9.3600
next cycle
7.0200
10.7700
5.6100
9.3600
next cycle
6.5400
10.7700
5.6100
9.3600
next cycle
7.0200
10.7700
5.1300
9.3600
next cycle
7.0200
11.2500
5.6100
8.8800
next cycle
7.0200
11.2500
5.1300
9.3600
next cycle
8.4300
10.7700
5.1300
9.3600
next cycle
7.0200
10.7700
5.1300
9.3600
next cycle
7.0200
10.7700
4.6800
9.3600
next cycle
6.5400
10.7700
5.6100
9.3600
next cycle
7.0200
10.7700
5.1300
8.8800
next cycle
6.5400
11.2500
5.1300
9.3600
next cycle
7.0200
10.7700
5.1300
9.3600
next cycle
7.0200
10.7700
5.6100
8.8800
next cycle
7.0200
10.7700
5.1300
8.8800
next cycle
7.0200
10.2900
5.1300
9.3600
next cycle
7.5000
11.2500
5.1300
8.8800
next cycle
7.0200
11.2500
5.1300
8.8800
next cycle
7.0200
10.7700
6.0900
9.3600
next cycle
7.0200
11.7000
5.6100
8.4300
next cycle
7.0200
10.7700
5.1300
8.4300
next cycle
7.0200
11.2500
5.1300
8.8800
next cycle
6.0900
11.2500
5.1300
8.8800
next cycle
7.0200
11.2500
5.1300
8.8800
next cycle
7.0200
10.7700
5.1300
9.3600
next cycle
6.5400
11.2500
6.0900
9.3600
next cycle
6.5400
11.2500
5.6100
9.3600
next cycle
7.0200
11.2500
6.0900
8.8800
next cycle
6.0900
10.7700
5.1300
8.4300
next cycle
7.0200
10.7700
5.6100
8.8800
next cycle
6.5400
10.7700
6.5400
8.4300
next cycle
7.0200
10.7700
5.6100
8.8800
next cycle
6.0900
11.2500
5.6100
8.4300
next cycle
6.5400
11.2500
4.6800
8.4300
next cycle
7.5000
11.2500
5.6100
7.9500
next cycle
7.0200
10.7700
5.6100
7.9500
next cycle
6.5400
11.2500
6.0900
7.9500
next cycle
6.5400
10.7700
5.6100
7.5000
next cycle
7.0200
10.2900
5.1300
7.9500
next cycle
6.5400
11.2500
4.6800
7.5000
next cycle
7.0200
10.7700
5.1300
7.0200
next cycle
7.0200
11.2500
5.6100
7.9500
next cycle
7.5000
10.7700
6.5400
7.0200
next cycle
6.5400
11.7000
6.0900
7.9500
next cycle
7.0200
11.2500
5.1300
7.0200
next cycle
7.0200
10.7700
6.0900
7.5000
next cycle
7.0200
10.7700
5.6100
7.0200
next cycle
7.0200
10.2900
5.1300
7.9500
next cycle
6.5400
10.2900
5.6100
7.0200
next cycle
7.0200
10.7700
6.0900
7.9500
next cycle
7.0200
10.7700
4.2000
7.0200
next cycle
6.5400
11.7000
5.6100
7.9500
next cycle
7.0200
11.2500
5.1300
7.9500
next cycle
7.0200
11.2500
5.1300
7.9500
next cycle
6.5400
10.7700
5.6100
7.9500
next cycle
6.0900
11.2500
5.1300
7.9500
next cycle
6.5400
10.7700
5.1300
7.9500
next cycle
6.5400
11.2500
5.1300
7.5000
next cycle
7.0200
10.7700
5.1300
7.0200
next cycle
6.5400
11.2500
5.1300
7.5000
next cycle
7.0200
10.7700
5.6100
6.5400
next cycle
6.5400
10.7700
5.1300
7.5000
next cycle
6.5400
11.2500
5.6100
7.5000
next cycle
6.5400
11.2500
5.1300
7.9500
next cycle
6.5400
10.7700
4.6800
7.5000
next cycle
7.0200
11.2500
4.2000
7.5000
next cycle
7.0200
11.2500
5.6100
7.0200
next cycle
7.0200
10.7700
5.6100
7.0200
next cycle
7.0200
11.2500
5.6100
7.5000
next cycle
6.5400
10.7700
5.1300
7.5000
next cycle
6.0900
10.7700
5.1300
7.9500
next cycle
7.0200
10.7700
5.1300
7.9500
next cycle
7.0200
10.7700
5.1300
7.5000
next cycle
7.0200
11.2500
5.6100
7.9500
next cycle
5.6100
11.2500
6.0900
7.5000
next cycle
6.0900
11.2500
5.1300
7.9500
next cycle
7.5000
10.7700
5.6100
7.5000
next cycle
7.0200
11.2500
5.6100
7.5000
next cycle
7.0200
10.7700
5.1300
7.5000
next cycle
7.0200
11.2500
5.1300
7.9500
next cycle
6.0900
11.2500
6.0900
8.4300
next cycle
7.0200
11.2500
5.1300
8.4300
next cycle
7.0200
10.7700
5.1300
8.4300
next cycle
7.0200
11.7000
6.0900
8.4300
next cycle
7.0200
11.2500
5.1300
9.3600
next cycle
7.0200
10.7700
5.6100
8.8800
next cycle
7.0200
10.7700
5.1300
9.3600
next cycle
6.5400
10.7700
5.6100
8.4300
next cycle
6.5400
11.2500
4.6800
9.3600
next cycle
7.0200
11.2500
5.6100
8.8800
next cycle
7.0200
10.7700
5.6100
9.8400
next cycle
7.0200
11.2500
4.6800
8.8800
next cycle
7.5000
11.2500
6.5400
8.8800
next cycle
7.0200
11.2500
5.6100
8.8800
next cycle
7.0200
10.7700
5.6100
9.3600
next cycle
7.0200
10.7700
5.6100
8.4300
next cycle
7.0200
10.7700
5.6100
8.4300
next cycle
6.5400
11.2500
5.6100
8.8800
next cycle
7.0200
10.7700
6.0900
7.9500
next cycle
6.5400
11.2500
6.0900
7.5000
next cycle
6.0900
10.7700
5.6100
7.9500
next cycle
7.0200
10.7700
6.0900
7.9500
next cycle
7.0200
10.7700
5.1300
7.5000
next cycle
7.0200
11.2500
5.6100
7.5000
next cycle
7.0200
11.2500
5.6100
7.0200
next cycle
6.5400
10.7700
5.1300
7.5000
next cycle
7.5000
10.7700
5.6100
7.5000
next cycle
6.5400
10.7700
6.0900
7.5000
next cycle
6.5400
10.2900
5.6100
6.5400
next cycle
6.5400
9.8400
5.6100
7.9500
next cycle
6.5400
10.7700
5.1300
7.9500
next cycle
7.0200
11.2500
5.1300
7.0200
next cycle
6.5400
10.2900
5.6100
7.9500
next cycle
7.0200
11.2500
5.1300
7.0200
next cycle
6.5400
10.7700
4.2000
