7.0200
10.7700
2.7900
7.5000
next cycle
2.7900
-51.5400
4.6800
-55.7700
next cycle
7.5000
2.7900
-62.3400
8.8800
next cycle
7.0200
11.2500
5.1300
8.8800
next cycle
7.5000
10.7700
5.1300
8.8800
next cycle
7.0200
11.2500
5.6100
8.4300
next cycle
6.5400
10.2900
5.1300
7.9500
next cycle
7.0200
10.7700
5.6100
8.8800
next cycle
7.5000
11.2500
5.6100
9.3600
next cycle
7.5000
10.7700
6.5400
9.3600
next cycle
7.9500
10.7700
6.5400
9.8400
next cycle
7.5000
11.2500
5.6100
9.3600
next cycle
7.5000
11.2500
6.0900
9.8400
next cycle
7.5000
11.2500
5.6100
10.2900
next cycle
7.5000
11.2500
6.5400
9.8400
next cycle
7.9500
10.7700
6.0900
9.8400
next cycle
7.5000
10.7700
6.0900
8.8800
next cycle
7.5000
10.7700
5.6100
8.4300
next cycle
7.5000
10.7700
6.0900
8.4300
next cycle
7.5000
11.2500
6.0900
8.8800
next cycle
7.0200
11.2500
5.6100
8.4300
next cycle
7.5000
10.2900
6.0900
8.8800
next cycle
7.5000
11.2500
6.5400
7.9500
next cycle
7.0200
11.2500
6.5400
7.9500
next cycle
7.0200
10.2900
5.6100
7.9500
next cycle
7.5000
10.7700
5.6100
7.9500
next cycle
7.5000
11.2500
5.6100
7.5000
next cycle
7.5000
10.2900
5.6100
7.0200
next cycle
7.0200
11.2500
5.6100
7.5000
next cycle
7.0200
11.2500
6.5400
7.5000
next cycle
7.5000
11.2500
6.0900
7.5000
next cycle
7.0200
11.7000
5.6100
7.0200
next cycle
7.5000
10.7700
6.0900
7.5000
next cycle
7.5000
10.2900
5.6100
7.5000
next cycle
7.5000
10.2900
6.0900
7.0200
next cycle
7.0200
11.7000
6.0900
7.0200
next cycle
6.5400
11.2500
4.6800
7.0200
next cycle
7.5000
11.2500
5.6100
6.5400
next cycle
7.5000
11.7000
6.5400
7.5000
next cycle
7.0200
11.2500
5.6100
7.5000
next cycle
7.0200
11.2500
5.6100
8.4300
next cycle
6.5400
11.2500
5.6100
8.4300
next cycle
8.4300
11.2500
5.6100
7.9500
next cycle
7.5000
11.2500
5.6100
7.9500
next cycle
7.5000
10.7700
4.6800
8.4300
next cycle
7.5000
10.7700
5.1300
6.5400
next cycle
7.5000
11.2500
5.6100
7.0200
next cycle
7.0200
10.7700
6.5400
6.5400
next cycle
7.5000
11.2500
5.6100
7.0200
next cycle
7.5000
10.7700
5.6100
7.5000
next cycle
7.5000
11.2500
5.6100
7.0200
next cycle
8.4300
11.2500
6.0900
7.0200
next cycle
7.5000
11.2500
5.6100
7.0200
next cycle
7.5000
11.2500
5.1300
7.5000
next cycle
7.5000
11.2500
7.0200
7.9500
next cycle
7.5000
10.7700
6.5400
7.0200
next cycle
7.9500
10.7700
5.6100
7.9500
next cycle
7.5000
10.7700
5.6100
7.0200
next cycle
7.5000
11.2500
5.1300
7.9500
next cycle
7.9500
11.2500
5.6100
7.0200
next cycle
7.5000
10.7700
5.6100
7.9500
next cycle
7.9500
11.2500
5.1300
7.5000
next cycle
7.0200
10.7700
6.0900
7.9500
next cycle
7.5000
10.7700
6.5400
7.0200
next cycle
7.5000
11.2500
6.0900
8.4300
next cycle
7.5000
10.7700
5.1300
7.5000
next cycle
7.9500
11.2500
6.0900
7.5000
next cycle
7.0200
11.7000
6.0900
7.5000
next cycle
7.5000
11.2500
5.6100
8.4300
next cycle
7.5000
11.2500
5.6100
9.3600
next cycle
7.5000
11.2500
6.0900
8.8800
next cycle
7.0200
10.7700
5.6100
8.8800
next cycle
7.5000
11.2500
6.0900
8.8800
next cycle
7.0200
10.7700
5.6100
8.8800
next cycle
7.5000
10.7700
5.6100
8.8800
next cycle
7.5000
10.7700
6.0900
8.8800
next cycle
7.5000
10.7700
6.0900
9.3600
next cycle
6.5400
10.7700
6.0900
9.3600
next cycle
7.0200
10.7700
6.0900
8.4300
next cycle
7.5000
10.2900
6.5400
9.3600
next cycle
7.5000
10.7700
6.0900
9.3600
next cycle
7.5000
11.2500
6.5400
8.4300
next cycle
7.0200
11.2500
6.0900
8.8800
next cycle
7.0200
11.2500
6.0900
7.9500
next cycle
7.5000
11.2500
6.0900
8.8800
next cycle
7.5000
10.7700
5.6100
7.9500
next cycle
7.5000
10.7700
6.0900
7.5000
next cycle
8.4300
10.7700
6.5400
7.9500
next cycle
7.5000
10.2900
6.0900
7.9500
next cycle
7.0200
10.2900
5.6100
7.0200
next cycle
7.5000
10.7700
6.0900
7.5000
next cycle
7.0200
10.7700
6.0900
6.0900
next cycle
7.5000
10.7700
5.6100
7.5000
next cycle
7.0200
11.2500
5.6100
7.0200
next cycle
7.5000
10.7700
5.1300
7.5000
next cycle
7.5000
10.7700
5.6100
7.5000
next cycle
7.5000
10.7700
6.0900
7.5000
next cycle
7.9500
11.2500
5.1300
7.9500
next cycle
7.0200
10.7700
5.6100
7.0200
next cycle
7.0200
10.7700
5.6100
7.5000
next cycle
6.5400
10.7700
5.6100
7.5000
next cycle
7.0200
10.7700
5.6100
7.5000
next cycle
7.5000
10.7700
5.1300
7.5000
next cycle
7.5000
10.2900
5.1300
7.5000
next cycle
6.5400
10.7700
5.6100
6.5400
next cycle
7.0200
10.7700
6.0900
7.5000
next cycle
7.0200
10.7700
5.6100
7.0200
next cycle
7.5000
11.2500
5.1300
7.5000
next cycle
7.5000
10.7700
5.6100
7.0200
next cycle
7.0200
11.2500
5.1300
7.5000
next cycle
7.5000
10.7700
5.6100
7.0200
next cycle
7.5000
10.7700
5.6100
7.9500
next cycle
7.5000
10.7700
5.6100
7.9500
next cycle
7.5000
10.7700
6.0900
7.5000
next cycle
6.5400
10.7700
5.6100
7.9500
next cycle
7.9500
10.7700
5.6100
7.9500
next cycle
7.5000
10.7700
7.0200
8.4300
next cycle
7.5000
10.7700
5.6100
8.8800
next cycle
7.5000
10.2900
5.6100
9.3600
next cycle
6.5400
10.7700
6.0900
9.3600
next cycle
7.9500
11.2500
5.6100
8.8800
next cycle
7.5000
10.2900
6.0900
9.3600
next cycle
7.5000
10.7700
6.0900
9.3600
next cycle
7.5000
10.7700
5.6100
9.3600
next cycle
7.5000
12.1800
4.6800
9.3600
next cycle
6.5400
10.7700
6.0900
9.3600
next cycle
7.5000
10.7700
5.6100
9.8400
next cycle
7.0200
10.7700
5.6100
9.8400
next cycle
7.5000
11.2500
7.0200
8.8800
next cycle
7.0200
10.7700
6.0900
9.3600
next cycle
7.5000
11.2500
6.0900
8.4300
next cycle
7.5000
11.7000
6.0900
7.9500
next cycle
7.0200
11.7000
6.0900
7.9500
next cycle
7.0200
10.7700
6.0900
7.9500
next cycle
7.5000
11.2500
6.5400
7.5000
next cycle
7.5000
10.7700
6.0900
8.4300
next cycle
7.5000
11.2500
6.5400
7.5000
next cycle
7.9500
11.2500
6.5400
7.9500
next cycle
7.5000
10.7700
5.6100
8.4300
next cycle
7.5000
10.7700
6.0900
8.8800
next cycle
7.9500
11.2500
6.0900
8.4300
next cycle
6.5400
10.7700
6.0900
7.9500
next cycle
7.5000
11.2500
5.6100
8.4300
next cycle
7.0200
11.2500
5.1300
7.5000
next cycle
7.5000
11.2500
6.0900
7.9500
next cycle
7.0200
10.7700
6.0900
7.0200
next cycle
7.0200
11.7000
6.0900
7.0200
next cycle
7.9500
10.7700
5.6100
7.0200
next cycle
7.5000
10.7700
6.0900
6.5400
next cycle
7.5000
10.7700
5.6100
7.5000
next cycle
7.5000
11.2500
5.6100
7.0200
next cycle
7.5000
11.2500
5.6100
7.5000
next cycle
7.0200
11.2500
6.0900
7.0200
next cycle
7.5000
10.2900
6.5400
7.5000
next cycle
7.5000
12.1800
5.6100
7.5000
next cycle
7.5000
11.2500
5.1300
7.5000
next cycle
7.5000
11.2500
5.1300
7.0200
next cycle
7.5000
10.7700
5.6100
7.5000
next cycle
7.5000
11.2500
4.6800
7.5000
next cycle
7.0200
11.2500
5.1300
7.5000
next cycle
7.0200
9.8400
4.6800
7.5000
next cycle
7.0200
11.2500
4.6800
7.5000
next cycle
7.0200
10.7700
6.0900
7.0200
next cycle
7.0200
10.7700
6.0900
6.5400
next cycle
7.5000
10.7700
5.6100
7.9500
next cycle
7.5000
10.7700
5.6100
7.0200
next cycle
7.5000
11.2500
6.5400
7.9500
next cycle
7.0200
11.2500
6.0900
7.0200
next cycle
6.5400
11.2500
4.6800
7.5000
next cycle
7.0200
10.7700
6.5400
7.9500
next cycle
7.5000
10.7700
6.5400
6.5400
next cycle
7.5000
11.2500
6.5400
7.0200
next cycle
7.5000
10.7700
5.6100
7.0200
next cycle
6.5400
10.7700
5.6100
7.0200
next cycle
7.5000
11.2500
5.6100
7.9500
next cycle
7.5000
10.2900
5.6100
7.9500
next cycle
7.5000
11.2500
5.6100
7.5000
next cycle
7.9500
11.2500
6.0900
7.5000
next cycle
6.5400
11.2500
6.5400
7.0200
next cycle
7.9500
11.2500
5.6100
7.5000
next cycle
7.0200
10.7700
6.0900
7.9500
next cycle
7.5000
10.7700
5.6100
7.5000
next cycle
7.5000
10.2900
5.6100
8.4300
next cycle
7.0200
11.2500
5.1300
7.5000
next cycle
7.5000
10.7700
5.6100
8.4300
next cycle
7.5000
11.2500
5.6100
8.4300
next cycle
7.5000
11.7000
6.0900
8.4300
next cycle
7.5000
11.2500
5.6100
7.9500
next cycle
8.4300
11.2500
5.6100
8.8800
next cycle
7.5000
10.7700
6.0900
7.9500
next cycle
7.9500
11.2500
5.6100
8.8800
next cycle
7.5000
10.7700
5.6100
8.8800
next cycle
7.5000
10.7700
6.0900
8.8800
next cycle
7.0200
12.1800
6.5400
9.3600
next cycle
7.5000
11.2500
6.0900
8.8800
next cycle
7.9500
10.7700
6.5400
9.8400
next cycle
7.5000
10.7700
6.0900
8.4300
next cycle
7.0200
10.7700
6.5400
8.8800
next cycle
7.9500
10.7700
6.0900
8.4300
next cycle
7.5000
10.7700
6.0900
8.4300
next cycle
7.0200
11.2500
5.1300
7.9500
next cycle
7.5000
11.2500
5.6100
7.9500
next cycle
7.5000
10.7700
6.0900
7.5000
next cycle
7.5000
10.7700
5.6100
7.9500
next cycle
7.5000
11.2500
6.5400
6.5400
next cycle
6.5400
6.5400
6.5400
6.5400
next cycle
6.5400
6.5400
6.5400
6.5400
next cycle
6.5400
6.5400
6.5400
6.5400
